{"uuid":"d3418892-9a61-4361-8c6a-d104c39aa776","historyId":"adb700ca9972e8ab538969accafab2ea","testCaseId":"5a25bcb92f6faee0d98fab166e70f9ca","fullName":"src/test/resources/features/F1_CCRewardsCalculator.feature:28","labels":[{"name":"tag","value":"ui"},{"name":"tag","value":"scotia"},{"name":"tag","value":"rewards"},{"name":"tag","value":"avgspends"},{"name":"host","value":"Vishwakarma"},{"name":"thread","value":"8464@Vishwakarma.main(1)"},{"name":"feature","value":"Credit Card rewards calculator"},{"name":"story","value":"Calculate rewards using average spend amount"},{"name":"suite","value":"Credit Card rewards calculator"},{"name":"testClass","value":"Calculate rewards using average spend amount"},{"name":"framework","value":"cucumber4jvm"},{"name":"language","value":"java"},{"name":"gherkin_uri","value":"file:///G:/ECLIPSE_PLAYGROUND/ScotiaBankAutomationProject/src/test/resources/features/F1_CCRewardsCalculator.feature"},{"name":"package","value":"src.test.resources.features.F1_CCRewardsCalculator_feature.Credit Card rewards calculator"}],"links":[],"name":"Calculate rewards using average spend amount","status":"broken","statusDetails":{"known":false,"muted":false,"flaky":false,"message":"element click intercepted: Element <div class=\"Tabstyle__WrapperTab-canvas-core__sc-1j68oti-3 jruLMG Tab__link\" tabindex=\"0\" title=\"Average spend\" role=\"tab\" aria-selected=\"false\" id=\"tab-content-1\">...</div> is not clickable at point (1036, 770). Other element would receive the click: <div id=\"onetrust-banner-sdk\" class=\"otFlat bottom ot-wo-title\" tabindex=\"0\" role=\"region\" aria-label=\"Cookie banner\">...</div>\n  (Session info: chrome=141.0.7390.123)\nBuild info: version: '4.37.0', revision: '3c1da1e342'\nSystem info: os.name: 'Windows 11', os.arch: 'amd64', os.version: '10.0', java.version: '17.0.12'\nDriver info: org.openqa.selenium.chrome.ChromeDriver\nCommand: [5b8e9e42c81fc588d5b8561e55c880c9, clickElement {id=f.58B3533492F4E1AC8B62CDEB4171B57A.d.F89A60D49F5EE961666F477986015FF7.e.115}]\nCapabilities {acceptInsecureCerts: false, browserName: chrome, browserVersion: 141.0.7390.123, chrome: {chromedriverVersion: 141.0.7390.122 (b477534e7e1..., userDataDir: C:\\Users\\jubin\\AppData\\Loca...}, fedcm:accounts: true, goog:chromeOptions: {debuggerAddress: localhost:65338}, networkConnectionEnabled: false, pageLoadStrategy: normal, platformName: windows, proxy: Proxy(), se:cdp: ws://localhost:65338/devtoo..., se:cdpVersion: 141.0.7390.123, setWindowRect: true, strictFileInteractability: false, timeouts: {implicit: 0, pageLoad: 300000, script: 30000}, unhandledPromptBehavior: dismiss and notify, webauthn:extension:credBlob: true, webauthn:extension:largeBlob: true, webauthn:extension:minPinLength: true, webauthn:extension:prf: true, webauthn:virtualAuthenticators: true}\nElement: [[ChromeDriver: chrome on windows (5b8e9e42c81fc588d5b8561e55c880c9)] -> xpath: //*[normalize-space()='Average spend']//ancestor::div[@role='tab']]\nSession ID: 5b8e9e42c81fc588d5b8561e55c880c9","trace":"org.openqa.selenium.ElementClickInterceptedException: element click intercepted: Element <div class=\"Tabstyle__WrapperTab-canvas-core__sc-1j68oti-3 jruLMG Tab__link\" tabindex=\"0\" title=\"Average spend\" role=\"tab\" aria-selected=\"false\" id=\"tab-content-1\">...</div> is not clickable at point (1036, 770). Other element would receive the click: <div id=\"onetrust-banner-sdk\" class=\"otFlat bottom ot-wo-title\" tabindex=\"0\" role=\"region\" aria-label=\"Cookie banner\">...</div>\n  (Session info: chrome=141.0.7390.123)\nBuild info: version: '4.37.0', revision: '3c1da1e342'\nSystem info: os.name: 'Windows 11', os.arch: 'amd64', os.version: '10.0', java.version: '17.0.12'\nDriver info: org.openqa.selenium.chrome.ChromeDriver\nCommand: [5b8e9e42c81fc588d5b8561e55c880c9, clickElement {id=f.58B3533492F4E1AC8B62CDEB4171B57A.d.F89A60D49F5EE961666F477986015FF7.e.115}]\nCapabilities {acceptInsecureCerts: false, browserName: chrome, browserVersion: 141.0.7390.123, chrome: {chromedriverVersion: 141.0.7390.122 (b477534e7e1..., userDataDir: C:\\Users\\jubin\\AppData\\Loca...}, fedcm:accounts: true, goog:chromeOptions: {debuggerAddress: localhost:65338}, networkConnectionEnabled: false, pageLoadStrategy: normal, platformName: windows, proxy: Proxy(), se:cdp: ws://localhost:65338/devtoo..., se:cdpVersion: 141.0.7390.123, setWindowRect: true, strictFileInteractability: false, timeouts: {implicit: 0, pageLoad: 300000, script: 30000}, unhandledPromptBehavior: dismiss and notify, webauthn:extension:credBlob: true, webauthn:extension:largeBlob: true, webauthn:extension:minPinLength: true, webauthn:extension:prf: true, webauthn:virtualAuthenticators: true}\nElement: [[ChromeDriver: chrome on windows (5b8e9e42c81fc588d5b8561e55c880c9)] -> xpath: //*[normalize-space()='Average spend']//ancestor::div[@role='tab']]\nSession ID: 5b8e9e42c81fc588d5b8561e55c880c9\r\n\tat java.base/jdk.internal.reflect.NativeConstructorAccessorImpl.newInstance0(Native Method)\r\n\tat java.base/jdk.internal.reflect.NativeConstructorAccessorImpl.newInstance(NativeConstructorAccessorImpl.java:77)\r\n\tat java.base/jdk.internal.reflect.DelegatingConstructorAccessorImpl.newInstance(DelegatingConstructorAccessorImpl.java:45)\r\n\tat java.base/java.lang.reflect.Constructor.newInstanceWithCaller(Constructor.java:499)\r\n\tat java.base/java.lang.reflect.Constructor.newInstance(Constructor.java:480)\r\n\tat org.openqa.selenium.remote.ErrorCodec.decode(ErrorCodec.java:167)\r\n\tat org.openqa.selenium.remote.codec.w3c.W3CHttpResponseCodec.decode(W3CHttpResponseCodec.java:138)\r\n\tat org.openqa.selenium.remote.codec.w3c.W3CHttpResponseCodec.decode(W3CHttpResponseCodec.java:50)\r\n\tat org.openqa.selenium.remote.HttpCommandExecutor.execute(HttpCommandExecutor.java:215)\r\n\tat org.openqa.selenium.remote.service.DriverCommandExecutor.invokeExecute(DriverCommandExecutor.java:216)\r\n\tat org.openqa.selenium.remote.service.DriverCommandExecutor.execute(DriverCommandExecutor.java:174)\r\n\tat org.openqa.selenium.remote.RemoteWebDriver.execute(RemoteWebDriver.java:557)\r\n\tat org.openqa.selenium.remote.RemoteWebElement.execute(RemoteWebElement.java:223)\r\n\tat org.openqa.selenium.remote.RemoteWebElement.click(RemoteWebElement.java:76)\r\n\tat java.base/jdk.internal.reflect.NativeMethodAccessorImpl.invoke0(Native Method)\r\n\tat java.base/jdk.internal.reflect.NativeMethodAccessorImpl.invoke(NativeMethodAccessorImpl.java:77)\r\n\tat java.base/jdk.internal.reflect.DelegatingMethodAccessorImpl.invoke(DelegatingMethodAccessorImpl.java:43)\r\n\tat java.base/java.lang.reflect.Method.invoke(Method.java:568)\r\n\tat org.openqa.selenium.support.pagefactory.internal.LocatingElementHandler.invoke(LocatingElementHandler.java:51)\r\n\tat jdk.proxy2/jdk.proxy2.$Proxy23.click(Unknown Source)\r\n\tat com.scotiabank.pages.CCRewardsCalculatorPage.clickAvgSpendTabAndCheck(CCRewardsCalculatorPage.java:128)\r\n\tat com.scotiabank.stepdefs.CCRewardsCalculatorStepDef.the_user_selects_the_tab(CCRewardsCalculatorStepDef.java:69)\r\n\tat ✽.the user selects the \"Average spend\" tab(file:///G:/ECLIPSE_PLAYGROUND/ScotiaBankAutomationProject/src/test/resources/features/F1_CCRewardsCalculator.feature:29)\r\n"},"stage":"finished","description":"  As a consumer shopping for a new credit card\n  I want to estimate my rewards based on my monthly spending patterns\n  So that I can compare Scotiabank cards and select the best option for me","steps":[{"name":"Given the user has navigated to the Scotiabank credit card rewards calculator","status":"passed","statusDetails":{"known":false,"muted":false,"flaky":false},"stage":"finished","steps":[],"attachments":[],"parameters":[],"start":1761765385002,"stop":1761765387280},{"name":"Given the user selects the \"Average spend\" tab","status":"broken","statusDetails":{"known":false,"muted":false,"flaky":false,"message":"element click intercepted: Element <div class=\"Tabstyle__WrapperTab-canvas-core__sc-1j68oti-3 jruLMG Tab__link\" tabindex=\"0\" title=\"Average spend\" role=\"tab\" aria-selected=\"false\" id=\"tab-content-1\">...</div> is not clickable at point (1036, 770). Other element would receive the click: <div id=\"onetrust-banner-sdk\" class=\"otFlat bottom ot-wo-title\" tabindex=\"0\" role=\"region\" aria-label=\"Cookie banner\">...</div>\n  (Session info: chrome=141.0.7390.123)\nBuild info: version: '4.37.0', revision: '3c1da1e342'\nSystem info: os.name: 'Windows 11', os.arch: 'amd64', os.version: '10.0', java.version: '17.0.12'\nDriver info: org.openqa.selenium.chrome.ChromeDriver\nCommand: [5b8e9e42c81fc588d5b8561e55c880c9, clickElement {id=f.58B3533492F4E1AC8B62CDEB4171B57A.d.F89A60D49F5EE961666F477986015FF7.e.115}]\nCapabilities {acceptInsecureCerts: false, browserName: chrome, browserVersion: 141.0.7390.123, chrome: {chromedriverVersion: 141.0.7390.122 (b477534e7e1..., userDataDir: C:\\Users\\jubin\\AppData\\Loca...}, fedcm:accounts: true, goog:chromeOptions: {debuggerAddress: localhost:65338}, networkConnectionEnabled: false, pageLoadStrategy: normal, platformName: windows, proxy: Proxy(), se:cdp: ws://localhost:65338/devtoo..., se:cdpVersion: 141.0.7390.123, setWindowRect: true, strictFileInteractability: false, timeouts: {implicit: 0, pageLoad: 300000, script: 30000}, unhandledPromptBehavior: dismiss and notify, webauthn:extension:credBlob: true, webauthn:extension:largeBlob: true, webauthn:extension:minPinLength: true, webauthn:extension:prf: true, webauthn:virtualAuthenticators: true}\nElement: [[ChromeDriver: chrome on windows (5b8e9e42c81fc588d5b8561e55c880c9)] -> xpath: //*[normalize-space()='Average spend']//ancestor::div[@role='tab']]\nSession ID: 5b8e9e42c81fc588d5b8561e55c880c9","trace":"org.openqa.selenium.ElementClickInterceptedException: element click intercepted: Element <div class=\"Tabstyle__WrapperTab-canvas-core__sc-1j68oti-3 jruLMG Tab__link\" tabindex=\"0\" title=\"Average spend\" role=\"tab\" aria-selected=\"false\" id=\"tab-content-1\">...</div> is not clickable at point (1036, 770). Other element would receive the click: <div id=\"onetrust-banner-sdk\" class=\"otFlat bottom ot-wo-title\" tabindex=\"0\" role=\"region\" aria-label=\"Cookie banner\">...</div>\n  (Session info: chrome=141.0.7390.123)\nBuild info: version: '4.37.0', revision: '3c1da1e342'\nSystem info: os.name: 'Windows 11', os.arch: 'amd64', os.version: '10.0', java.version: '17.0.12'\nDriver info: org.openqa.selenium.chrome.ChromeDriver\nCommand: [5b8e9e42c81fc588d5b8561e55c880c9, clickElement {id=f.58B3533492F4E1AC8B62CDEB4171B57A.d.F89A60D49F5EE961666F477986015FF7.e.115}]\nCapabilities {acceptInsecureCerts: false, browserName: chrome, browserVersion: 141.0.7390.123, chrome: {chromedriverVersion: 141.0.7390.122 (b477534e7e1..., userDataDir: C:\\Users\\jubin\\AppData\\Loca...}, fedcm:accounts: true, goog:chromeOptions: {debuggerAddress: localhost:65338}, networkConnectionEnabled: false, pageLoadStrategy: normal, platformName: windows, proxy: Proxy(), se:cdp: ws://localhost:65338/devtoo..., se:cdpVersion: 141.0.7390.123, setWindowRect: true, strictFileInteractability: false, timeouts: {implicit: 0, pageLoad: 300000, script: 30000}, unhandledPromptBehavior: dismiss and notify, webauthn:extension:credBlob: true, webauthn:extension:largeBlob: true, webauthn:extension:minPinLength: true, webauthn:extension:prf: true, webauthn:virtualAuthenticators: true}\nElement: [[ChromeDriver: chrome on windows (5b8e9e42c81fc588d5b8561e55c880c9)] -> xpath: //*[normalize-space()='Average spend']//ancestor::div[@role='tab']]\nSession ID: 5b8e9e42c81fc588d5b8561e55c880c9\r\n\tat java.base/jdk.internal.reflect.NativeConstructorAccessorImpl.newInstance0(Native Method)\r\n\tat java.base/jdk.internal.reflect.NativeConstructorAccessorImpl.newInstance(NativeConstructorAccessorImpl.java:77)\r\n\tat java.base/jdk.internal.reflect.DelegatingConstructorAccessorImpl.newInstance(DelegatingConstructorAccessorImpl.java:45)\r\n\tat java.base/java.lang.reflect.Constructor.newInstanceWithCaller(Constructor.java:499)\r\n\tat java.base/java.lang.reflect.Constructor.newInstance(Constructor.java:480)\r\n\tat org.openqa.selenium.remote.ErrorCodec.decode(ErrorCodec.java:167)\r\n\tat org.openqa.selenium.remote.codec.w3c.W3CHttpResponseCodec.decode(W3CHttpResponseCodec.java:138)\r\n\tat org.openqa.selenium.remote.codec.w3c.W3CHttpResponseCodec.decode(W3CHttpResponseCodec.java:50)\r\n\tat org.openqa.selenium.remote.HttpCommandExecutor.execute(HttpCommandExecutor.java:215)\r\n\tat org.openqa.selenium.remote.service.DriverCommandExecutor.invokeExecute(DriverCommandExecutor.java:216)\r\n\tat org.openqa.selenium.remote.service.DriverCommandExecutor.execute(DriverCommandExecutor.java:174)\r\n\tat org.openqa.selenium.remote.RemoteWebDriver.execute(RemoteWebDriver.java:557)\r\n\tat org.openqa.selenium.remote.RemoteWebElement.execute(RemoteWebElement.java:223)\r\n\tat org.openqa.selenium.remote.RemoteWebElement.click(RemoteWebElement.java:76)\r\n\tat java.base/jdk.internal.reflect.NativeMethodAccessorImpl.invoke0(Native Method)\r\n\tat java.base/jdk.internal.reflect.NativeMethodAccessorImpl.invoke(NativeMethodAccessorImpl.java:77)\r\n\tat java.base/jdk.internal.reflect.DelegatingMethodAccessorImpl.invoke(DelegatingMethodAccessorImpl.java:43)\r\n\tat java.base/java.lang.reflect.Method.invoke(Method.java:568)\r\n\tat org.openqa.selenium.support.pagefactory.internal.LocatingElementHandler.invoke(LocatingElementHandler.java:51)\r\n\tat jdk.proxy2/jdk.proxy2.$Proxy23.click(Unknown Source)\r\n\tat com.scotiabank.pages.CCRewardsCalculatorPage.clickAvgSpendTabAndCheck(CCRewardsCalculatorPage.java:128)\r\n\tat com.scotiabank.stepdefs.CCRewardsCalculatorStepDef.the_user_selects_the_tab(CCRewardsCalculatorStepDef.java:69)\r\n\tat ✽.the user selects the \"Average spend\" tab(file:///G:/ECLIPSE_PLAYGROUND/ScotiaBankAutomationProject/src/test/resources/features/F1_CCRewardsCalculator.feature:29)\r\n"},"stage":"finished","steps":[],"attachments":[],"parameters":[],"start":1761765387289,"stop":1761765388676},{"name":"When the user enters \"1500\" as the average monthly spend","status":"skipped","statusDetails":{"known":false,"muted":false,"flaky":false},"stage":"finished","steps":[],"attachments":[],"parameters":[],"start":1761765388683,"stop":1761765388686},{"name":"And the user clicks the \"Calculate rewards\" button","status":"skipped","statusDetails":{"known":false,"muted":false,"flaky":false},"stage":"finished","steps":[],"attachments":[],"parameters":[],"start":1761765388687,"stop":1761765388688},{"name":"Then a results page should be displayed","status":"skipped","statusDetails":{"known":false,"muted":false,"flaky":false},"stage":"finished","steps":[],"attachments":[],"parameters":[],"start":1761765388690,"stop":1761765388691},{"name":"And the URL hash should be \"#/rewards-calc\"","status":"skipped","statusDetails":{"known":false,"muted":false,"flaky":false},"stage":"finished","steps":[],"attachments":[],"parameters":[],"start":1761765388692,"stop":1761765388692},{"name":"And it should state \"You spend $1500 on your credit card in a typical month\"","status":"skipped","statusDetails":{"known":false,"muted":false,"flaky":false},"stage":"finished","steps":[],"attachments":[],"parameters":[],"start":1761765388694,"stop":1761765388696},{"name":"And recommended credit card products should be displayed","status":"skipped","statusDetails":{"known":false,"muted":false,"flaky":false},"stage":"finished","steps":[],"attachments":[],"parameters":[],"start":1761765388704,"stop":1761765388704}],"attachments":[],"parameters":[],"start":1761765374998,"stop":1761765389043}